The system is: Linux - 3.10.96-tegra - aarch64
Compiling the C compiler identification source file "CMakeCCompilerId.c" succeeded.
Compiler: /usr/bin/cc 
Build flags: 
Id flags: 

The output was:
0


Compilation of the C compiler identification source "CMakeCCompilerId.c" produced "a.out"

The C compiler identification is GNU, found in "/home/ubuntu/hj/workspace/jetson-ros/build/CMakeFiles/3.5.1/CompilerIdC/a.out"

Compiling the CXX compiler identification source file "CMakeCXXCompilerId.cpp" succeeded.
Compiler: /usr/bin/c++ 
Build flags: 
Id flags: 

The output was:
0


Compilation of the CXX compiler identification source "CMakeCXXCompilerId.cpp" produced "a.out"

The CXX compiler identification is GNU, found in "/home/ubuntu/hj/workspace/jetson-ros/build/CMakeFiles/3.5.1/CompilerIdCXX/a.out"

Determining if the C compiler works passed with the following output:
Change Dir: /home/ubuntu/hj/workspace/jetson-ros/build/CMakeFiles/CMakeTmp

Run Build Command:"/usr/bin/make" "cmTC_ca5ab/fast"
/usr/bin/make -f CMakeFiles/cmTC_ca5ab.dir/build.make CMakeFiles/cmTC_ca5ab.dir/build
make[1]: Entering directory '/home/ubuntu/hj/workspace/jetson-ros/build/CMakeFiles/CMakeTmp'
Building C object CMakeFiles/cmTC_ca5ab.dir/testCCompiler.c.o
/usr/bin/cc     -o CMakeFiles/cmTC_ca5ab.dir/testCCompiler.c.o   -c /home/ubuntu/hj/workspace/jetson-ros/build/CMakeFiles/CMakeTmp/testCCompiler.c
Linking C executable cmTC_ca5ab
/usr/bin/cmake -E cmake_link_script CMakeFiles/cmTC_ca5ab.dir/link.txt --verbose=1
/usr/bin/cc       CMakeFiles/cmTC_ca5ab.dir/testCCompiler.c.o  -o cmTC_ca5ab -rdynamic 
make[1]: Leaving directory '/home/ubuntu/hj/workspace/jetson-ros/build/CMakeFiles/CMakeTmp'


Detecting C compiler ABI info compiled with the following output:
Change Dir: /home/ubuntu/hj/workspace/jetson-ros/build/CMakeFiles/CMakeTmp

Run Build Command:"/usr/bin/make" "cmTC_4f7be/fast"
/usr/bin/make -f CMakeFiles/cmTC_4f7be.dir/build.make CMakeFiles/cmTC_4f7be.dir/build
make[1]: Entering directory '/home/ubuntu/hj/workspace/jetson-ros/build/CMakeFiles/CMakeTmp'
Building C object CMakeFiles/cmTC_4f7be.dir/CMakeCCompilerABI.c.o
/usr/bin/cc     -o CMakeFiles/cmTC_4f7be.dir/CMakeCCompilerABI.c.o   -c /usr/share/cmake-3.5/Modules/CMakeCCompilerABI.c
Linking C executable cmTC_4f7be
/usr/bin/cmake -E cmake_link_script CMakeFiles/cmTC_4f7be.dir/link.txt --verbose=1
/usr/bin/cc      -v CMakeFiles/cmTC_4f7be.dir/CMakeCCompilerABI.c.o  -o cmTC_4f7be -rdynamic  
Using built-in specs.
COLLECT_GCC=/usr/bin/cc
COLLECT_LTO_WRAPPER=/usr/lib/gcc/aarch64-linux-gnu/5/lto-wrapper
Target: aarch64-linux-gnu
Configured with: ../src/configure -v --with-pkgversion='Ubuntu/Linaro 5.4.0-6ubuntu1~16.04.4' --with-bugurl=file:///usr/share/doc/gcc-5/README.Bugs --enable-languages=c,ada,c++,java,go,d,fortran,objc,obj-c++ --prefix=/usr --program-suffix=-5 --enable-shared --enable-linker-build-id --libexecdir=/usr/lib --without-included-gettext --enable-threads=posix --libdir=/usr/lib --enable-nls --with-sysroot=/ --enable-clocale=gnu --enable-libstdcxx-debug --enable-libstdcxx-time=yes --with-default-libstdcxx-abi=new --enable-gnu-unique-object --disable-libquadmath --enable-plugin --with-system-zlib --disable-browser-plugin --enable-java-awt=gtk --enable-gtk-cairo --with-java-home=/usr/lib/jvm/java-1.5.0-gcj-5-arm64/jre --enable-java-home --with-jvm-root-dir=/usr/lib/jvm/java-1.5.0-gcj-5-arm64 --with-jvm-jar-dir=/usr/lib/jvm-exports/java-1.5.0-gcj-5-arm64 --with-arch-directory=aarch64 --with-ecj-jar=/usr/share/java/eclipse-ecj.jar --enable-multiarch --enable-fix-cortex-a53-843419 --disable-werror --enable-checking=release --build=aarch64-linux-gnu --host=aarch64-linux-gnu --target=aarch64-linux-gnu
Thread model: posix
gcc version 5.4.0 20160609 (Ubuntu/Linaro 5.4.0-6ubuntu1~16.04.4) 
COMPILER_PATH=/usr/lib/gcc/aarch64-linux-gnu/5/:/usr/lib/gcc/aarch64-linux-gnu/5/:/usr/lib/gcc/aarch64-linux-gnu/:/usr/lib/gcc/aarch64-linux-gnu/5/:/usr/lib/gcc/aarch64-linux-gnu/
LIBRARY_PATH=/usr/lib/gcc/aarch64-linux-gnu/5/:/usr/lib/gcc/aarch64-linux-gnu/5/../../../aarch64-linux-gnu/:/usr/lib/gcc/aarch64-linux-gnu/5/../../../../lib/:/lib/aarch64-linux-gnu/:/lib/../lib/:/usr/lib/aarch64-linux-gnu/:/usr/lib/../lib/:/usr/lib/gcc/aarch64-linux-gnu/5/../../../:/lib/:/usr/lib/
COLLECT_GCC_OPTIONS='-v' '-o' 'cmTC_4f7be' '-rdynamic' '-mlittle-endian' '-mabi=lp64'
 /usr/lib/gcc/aarch64-linux-gnu/5/collect2 -plugin /usr/lib/gcc/aarch64-linux-gnu/5/liblto_plugin.so -plugin-opt=/usr/lib/gcc/aarch64-linux-gnu/5/lto-wrapper -plugin-opt=-fresolution=/tmp/ccGf90vr.res -plugin-opt=-pass-through=-lgcc -plugin-opt=-pass-through=-lgcc_s -plugin-opt=-pass-through=-lc -plugin-opt=-pass-through=-lgcc -plugin-opt=-pass-through=-lgcc_s --sysroot=/ --build-id --eh-frame-hdr --hash-style=gnu --as-needed -export-dynamic -dynamic-linker /lib/ld-linux-aarch64.so.1 -X -EL -maarch64linux --fix-cortex-a53-843419 -z relro -o cmTC_4f7be /usr/lib/gcc/aarch64-linux-gnu/5/../../../aarch64-linux-gnu/crt1.o /usr/lib/gcc/aarch64-linux-gnu/5/../../../aarch64-linux-gnu/crti.o /usr/lib/gcc/aarch64-linux-gnu/5/crtbegin.o -L/usr/lib/gcc/aarch64-linux-gnu/5 -L/usr/lib/gcc/aarch64-linux-gnu/5/../../../aarch64-linux-gnu -L/usr/lib/gcc/aarch64-linux-gnu/5/../../../../lib -L/lib/aarch64-linux-gnu -L/lib/../lib -L/usr/lib/aarch64-linux-gnu -L/usr/lib/../lib -L/usr/lib/gcc/aarch64-linux-gnu/5/../../.. CMakeFiles/cmTC_4f7be.dir/CMakeCCompilerABI.c.o -lgcc --as-needed -lgcc_s --no-as-needed -lc -lgcc --as-needed -lgcc_s --no-as-needed /usr/lib/gcc/aarch64-linux-gnu/5/crtend.o /usr/lib/gcc/aarch64-linux-gnu/5/../../../aarch64-linux-gnu/crtn.o
make[1]: Leaving directory '/home/ubuntu/hj/workspace/jetson-ros/build/CMakeFiles/CMakeTmp'


Parsed C implicit link information from above output:
  link line regex: [^( *|.*[/\])(ld|([^/\]+-)?ld|collect2)[^/\]*( |$)]
  ignore line: [Change Dir: /home/ubuntu/hj/workspace/jetson-ros/build/CMakeFiles/CMakeTmp]
  ignore line: []
  ignore line: [Run Build Command:"/usr/bin/make" "cmTC_4f7be/fast"]
  ignore line: [/usr/bin/make -f CMakeFiles/cmTC_4f7be.dir/build.make CMakeFiles/cmTC_4f7be.dir/build]
  ignore line: [make[1]: Entering directory '/home/ubuntu/hj/workspace/jetson-ros/build/CMakeFiles/CMakeTmp']
  ignore line: [Building C object CMakeFiles/cmTC_4f7be.dir/CMakeCCompilerABI.c.o]
  ignore line: [/usr/bin/cc     -o CMakeFiles/cmTC_4f7be.dir/CMakeCCompilerABI.c.o   -c /usr/share/cmake-3.5/Modules/CMakeCCompilerABI.c]
  ignore line: [Linking C executable cmTC_4f7be]
  ignore line: [/usr/bin/cmake -E cmake_link_script CMakeFiles/cmTC_4f7be.dir/link.txt --verbose=1]
  ignore line: [/usr/bin/cc      -v CMakeFiles/cmTC_4f7be.dir/CMakeCCompilerABI.c.o  -o cmTC_4f7be -rdynamic  ]
  ignore line: [Using built-in specs.]
  ignore line: [COLLECT_GCC=/usr/bin/cc]
  ignore line: [COLLECT_LTO_WRAPPER=/usr/lib/gcc/aarch64-linux-gnu/5/lto-wrapper]
  ignore line: [Target: aarch64-linux-gnu]
  ignore line: [Configured with: ../src/configure -v --with-pkgversion='Ubuntu/Linaro 5.4.0-6ubuntu1~16.04.4' --with-bugurl=file:///usr/share/doc/gcc-5/README.Bugs --enable-languages=c,ada,c++,java,go,d,fortran,objc,obj-c++ --prefix=/usr --program-suffix=-5 --enable-shared --enable-linker-build-id --libexecdir=/usr/lib --without-included-gettext --enable-threads=posix --libdir=/usr/lib --enable-nls --with-sysroot=/ --enable-clocale=gnu --enable-libstdcxx-debug --enable-libstdcxx-time=yes --with-default-libstdcxx-abi=new --enable-gnu-unique-object --disable-libquadmath --enable-plugin --with-system-zlib --disable-browser-plugin --enable-java-awt=gtk --enable-gtk-cairo --with-java-home=/usr/lib/jvm/java-1.5.0-gcj-5-arm64/jre --enable-java-home --with-jvm-root-dir=/usr/lib/jvm/java-1.5.0-gcj-5-arm64 --with-jvm-jar-dir=/usr/lib/jvm-exports/java-1.5.0-gcj-5-arm64 --with-arch-directory=aarch64 --with-ecj-jar=/usr/share/java/eclipse-ecj.jar --enable-multiarch --enable-fix-cortex-a53-843419 --disable-werror --enable-checking=release --build=aarch64-linux-gnu --host=aarch64-linux-gnu --target=aarch64-linux-gnu]
  ignore line: [Thread model: posix]
  ignore line: [gcc version 5.4.0 20160609 (Ubuntu/Linaro 5.4.0-6ubuntu1~16.04.4) ]
  ignore line: [COMPILER_PATH=/usr/lib/gcc/aarch64-linux-gnu/5/:/usr/lib/gcc/aarch64-linux-gnu/5/:/usr/lib/gcc/aarch64-linux-gnu/:/usr/lib/gcc/aarch64-linux-gnu/5/:/usr/lib/gcc/aarch64-linux-gnu/]
  ignore line: [LIBRARY_PATH=/usr/lib/gcc/aarch64-linux-gnu/5/:/usr/lib/gcc/aarch64-linux-gnu/5/../../../aarch64-linux-gnu/:/usr/lib/gcc/aarch64-linux-gnu/5/../../../../lib/:/lib/aarch64-linux-gnu/:/lib/../lib/:/usr/lib/aarch64-linux-gnu/:/usr/lib/../lib/:/usr/lib/gcc/aarch64-linux-gnu/5/../../../:/lib/:/usr/lib/]
  ignore line: [COLLECT_GCC_OPTIONS='-v' '-o' 'cmTC_4f7be' '-rdynamic' '-mlittle-endian' '-mabi=lp64']
  link line: [ /usr/lib/gcc/aarch64-linux-gnu/5/collect2 -plugin /usr/lib/gcc/aarch64-linux-gnu/5/liblto_plugin.so -plugin-opt=/usr/lib/gcc/aarch64-linux-gnu/5/lto-wrapper -plugin-opt=-fresolution=/tmp/ccGf90vr.res -plugin-opt=-pass-through=-lgcc -plugin-opt=-pass-through=-lgcc_s -plugin-opt=-pass-through=-lc -plugin-opt=-pass-through=-lgcc -plugin-opt=-pass-through=-lgcc_s --sysroot=/ --build-id --eh-frame-hdr --hash-style=gnu --as-needed -export-dynamic -dynamic-linker /lib/ld-linux-aarch64.so.1 -X -EL -maarch64linux --fix-cortex-a53-843419 -z relro -o cmTC_4f7be /usr/lib/gcc/aarch64-linux-gnu/5/../../../aarch64-linux-gnu/crt1.o /usr/lib/gcc/aarch64-linux-gnu/5/../../../aarch64-linux-gnu/crti.o /usr/lib/gcc/aarch64-linux-gnu/5/crtbegin.o -L/usr/lib/gcc/aarch64-linux-gnu/5 -L/usr/lib/gcc/aarch64-linux-gnu/5/../../../aarch64-linux-gnu -L/usr/lib/gcc/aarch64-linux-gnu/5/../../../../lib -L/lib/aarch64-linux-gnu -L/lib/../lib -L/usr/lib/aarch64-linux-gnu -L/usr/lib/../lib -L/usr/lib/gcc/aarch64-linux-gnu/5/../../.. CMakeFiles/cmTC_4f7be.dir/CMakeCCompilerABI.c.o -lgcc --as-needed -lgcc_s --no-as-needed -lc -lgcc --as-needed -lgcc_s --no-as-needed /usr/lib/gcc/aarch64-linux-gnu/5/crtend.o /usr/lib/gcc/aarch64-linux-gnu/5/../../../aarch64-linux-gnu/crtn.o]
    arg [/usr/lib/gcc/aarch64-linux-gnu/5/collect2] ==> ignore
    arg [-plugin] ==> ignore
    arg [/usr/lib/gcc/aarch64-linux-gnu/5/liblto_plugin.so] ==> ignore
    arg [-plugin-opt=/usr/lib/gcc/aarch64-linux-gnu/5/lto-wrapper] ==> ignore
    arg [-plugin-opt=-fresolution=/tmp/ccGf90vr.res] ==> ignore
    arg [-plugin-opt=-pass-through=-lgcc] ==> ignore
    arg [-plugin-opt=-pass-through=-lgcc_s] ==> ignore
    arg [-plugin-opt=-pass-through=-lc] ==> ignore
    arg [-plugin-opt=-pass-through=-lgcc] ==> ignore
    arg [-plugin-opt=-pass-through=-lgcc_s] ==> ignore
    arg [--sysroot=/] ==> ignore
    arg [--build-id] ==> ignore
    arg [--eh-frame-hdr] ==> ignore
    arg [--hash-style=gnu] ==> ignore
    arg [--as-needed] ==> ignore
    arg [-export-dynamic] ==> ignore
    arg [-dynamic-linker] ==> ignore
    arg [/lib/ld-linux-aarch64.so.1] ==> ignore
    arg [-X] ==> ignore
    arg [-EL] ==> ignore
    arg [-maarch64linux] ==> ignore
    arg [--fix-cortex-a53-843419] ==> ignore
    arg [-zrelro] ==> ignore
    arg [-o] ==> ignore
    arg [cmTC_4f7be] ==> ignore
    arg [/usr/lib/gcc/aarch64-linux-gnu/5/../../../aarch64-linux-gnu/crt1.o] ==> ignore
    arg [/usr/lib/gcc/aarch64-linux-gnu/5/../../../aarch64-linux-gnu/crti.o] ==> ignore
    arg [/usr/lib/gcc/aarch64-linux-gnu/5/crtbegin.o] ==> ignore
    arg [-L/usr/lib/gcc/aarch64-linux-gnu/5] ==> dir [/usr/lib/gcc/aarch64-linux-gnu/5]
    arg [-L/usr/lib/gcc/aarch64-linux-gnu/5/../../../aarch64-linux-gnu] ==> dir [/usr/lib/gcc/aarch64-linux-gnu/5/../../../aarch64-linux-gnu]
    arg [-L/usr/lib/gcc/aarch64-linux-gnu/5/../../../../lib] ==> dir [/usr/lib/gcc/aarch64-linux-gnu/5/../../../../lib]
    arg [-L/lib/aarch64-linux-gnu] ==> dir [/lib/aarch64-linux-gnu]
    arg [-L/lib/../lib] ==> dir [/lib/../lib]
    arg [-L/usr/lib/aarch64-linux-gnu] ==> dir [/usr/lib/aarch64-linux-gnu]
    arg [-L/usr/lib/../lib] ==> dir [/usr/lib/../lib]
    arg [-L/usr/lib/gcc/aarch64-linux-gnu/5/../../..] ==> dir [/usr/lib/gcc/aarch64-linux-gnu/5/../../..]
    arg [CMakeFiles/cmTC_4f7be.dir/CMakeCCompilerABI.c.o] ==> ignore
    arg [-lgcc] ==> lib [gcc]
    arg [--as-needed] ==> ignore
    arg [-lgcc_s] ==> lib [gcc_s]
    arg [--no-as-needed] ==> ignore
    arg [-lc] ==> lib [c]
    arg [-lgcc] ==> lib [gcc]
    arg [--as-needed] ==> ignore
    arg [-lgcc_s] ==> lib [gcc_s]
    arg [--no-as-needed] ==> ignore
    arg [/usr/lib/gcc/aarch64-linux-gnu/5/crtend.o] ==> ignore
    arg [/usr/lib/gcc/aarch64-linux-gnu/5/../../../aarch64-linux-gnu/crtn.o] ==> ignore
  remove lib [gcc]
  remove lib [gcc_s]
  remove lib [gcc]
  remove lib [gcc_s]
  collapse library dir [/usr/lib/gcc/aarch64-linux-gnu/5] ==> [/usr/lib/gcc/aarch64-linux-gnu/5]
  collapse library dir [/usr/lib/gcc/aarch64-linux-gnu/5/../../../aarch64-linux-gnu] ==> [/usr/lib/aarch64-linux-gnu]
  collapse library dir [/usr/lib/gcc/aarch64-linux-gnu/5/../../../../lib] ==> [/usr/lib]
  collapse library dir [/lib/aarch64-linux-gnu] ==> [/lib/aarch64-linux-gnu]
  collapse library dir [/lib/../lib] ==> [/lib]
  collapse library dir [/usr/lib/aarch64-linux-gnu] ==> [/usr/lib/aarch64-linux-gnu]
  collapse library dir [/usr/lib/../lib] ==> [/usr/lib]
  collapse library dir [/usr/lib/gcc/aarch64-linux-gnu/5/../../..] ==> [/usr/lib]
  implicit libs: [c]
  implicit dirs: [/usr/lib/gcc/aarch64-linux-gnu/5;/usr/lib/aarch64-linux-gnu;/usr/lib;/lib/aarch64-linux-gnu;/lib]
  implicit fwks: []




Detecting C [-std=c11] compiler features compiled with the following output:
Change Dir: /home/ubuntu/hj/workspace/jetson-ros/build/CMakeFiles/CMakeTmp

Run Build Command:"/usr/bin/make" "cmTC_4f3e7/fast"
/usr/bin/make -f CMakeFiles/cmTC_4f3e7.dir/build.make CMakeFiles/cmTC_4f3e7.dir/build
make[1]: Entering directory '/home/ubuntu/hj/workspace/jetson-ros/build/CMakeFiles/CMakeTmp'
Building C object CMakeFiles/cmTC_4f3e7.dir/feature_tests.c.o
/usr/bin/cc    -std=c11 -o CMakeFiles/cmTC_4f3e7.dir/feature_tests.c.o   -c /home/ubuntu/hj/workspace/jetson-ros/build/CMakeFiles/feature_tests.c
Linking C executable cmTC_4f3e7
/usr/bin/cmake -E cmake_link_script CMakeFiles/cmTC_4f3e7.dir/link.txt --verbose=1
/usr/bin/cc       CMakeFiles/cmTC_4f3e7.dir/feature_tests.c.o  -o cmTC_4f3e7 -rdynamic 
make[1]: Leaving directory '/home/ubuntu/hj/workspace/jetson-ros/build/CMakeFiles/CMakeTmp'


    Feature record: C_FEATURE:1c_function_prototypes
    Feature record: C_FEATURE:1c_restrict
    Feature record: C_FEATURE:1c_static_assert
    Feature record: C_FEATURE:1c_variadic_macros


Detecting C [-std=c99] compiler features compiled with the following output:
Change Dir: /home/ubuntu/hj/workspace/jetson-ros/build/CMakeFiles/CMakeTmp

Run Build Command:"/usr/bin/make" "cmTC_81f5d/fast"
/usr/bin/make -f CMakeFiles/cmTC_81f5d.dir/build.make CMakeFiles/cmTC_81f5d.dir/build
make[1]: Entering directory '/home/ubuntu/hj/workspace/jetson-ros/build/CMakeFiles/CMakeTmp'
Building C object CMakeFiles/cmTC_81f5d.dir/feature_tests.c.o
/usr/bin/cc    -std=c99 -o CMakeFiles/cmTC_81f5d.dir/feature_tests.c.o   -c /home/ubuntu/hj/workspace/jetson-ros/build/CMakeFiles/feature_tests.c
Linking C executable cmTC_81f5d
/usr/bin/cmake -E cmake_link_script CMakeFiles/cmTC_81f5d.dir/link.txt --verbose=1
/usr/bin/cc       CMakeFiles/cmTC_81f5d.dir/feature_tests.c.o  -o cmTC_81f5d -rdynamic 
make[1]: Leaving directory '/home/ubuntu/hj/workspace/jetson-ros/build/CMakeFiles/CMakeTmp'


    Feature record: C_FEATURE:1c_function_prototypes
    Feature record: C_FEATURE:1c_restrict
    Feature record: C_FEATURE:0c_static_assert
    Feature record: C_FEATURE:1c_variadic_macros


Detecting C [-std=c90] compiler features compiled with the following output:
Change Dir: /home/ubuntu/hj/workspace/jetson-ros/build/CMakeFiles/CMakeTmp

Run Build Command:"/usr/bin/make" "cmTC_c5069/fast"
/usr/bin/make -f CMakeFiles/cmTC_c5069.dir/build.make CMakeFiles/cmTC_c5069.dir/build
make[1]: Entering directory '/home/ubuntu/hj/workspace/jetson-ros/build/CMakeFiles/CMakeTmp'
Building C object CMakeFiles/cmTC_c5069.dir/feature_tests.c.o
/usr/bin/cc    -std=c90 -o CMakeFiles/cmTC_c5069.dir/feature_tests.c.o   -c /home/ubuntu/hj/workspace/jetson-ros/build/CMakeFiles/feature_tests.c
Linking C executable cmTC_c5069
/usr/bin/cmake -E cmake_link_script CMakeFiles/cmTC_c5069.dir/link.txt --verbose=1
/usr/bin/cc       CMakeFiles/cmTC_c5069.dir/feature_tests.c.o  -o cmTC_c5069 -rdynamic 
make[1]: Leaving directory '/home/ubuntu/hj/workspace/jetson-ros/build/CMakeFiles/CMakeTmp'


    Feature record: C_FEATURE:1c_function_prototypes
    Feature record: C_FEATURE:0c_restrict
    Feature record: C_FEATURE:0c_static_assert
    Feature record: C_FEATURE:0c_variadic_macros
Determining if the CXX compiler works passed with the following output:
Change Dir: /home/ubuntu/hj/workspace/jetson-ros/build/CMakeFiles/CMakeTmp

Run Build Command:"/usr/bin/make" "cmTC_6ff13/fast"
/usr/bin/make -f CMakeFiles/cmTC_6ff13.dir/build.make CMakeFiles/cmTC_6ff13.dir/build
make[1]: Entering directory '/home/ubuntu/hj/workspace/jetson-ros/build/CMakeFiles/CMakeTmp'
Building CXX object CMakeFiles/cmTC_6ff13.dir/testCXXCompiler.cxx.o
/usr/bin/c++      -o CMakeFiles/cmTC_6ff13.dir/testCXXCompiler.cxx.o -c /home/ubuntu/hj/workspace/jetson-ros/build/CMakeFiles/CMakeTmp/testCXXCompiler.cxx
Linking CXX executable cmTC_6ff13
/usr/bin/cmake -E cmake_link_script CMakeFiles/cmTC_6ff13.dir/link.txt --verbose=1
/usr/bin/c++        CMakeFiles/cmTC_6ff13.dir/testCXXCompiler.cxx.o  -o cmTC_6ff13 -rdynamic 
make[1]: Leaving directory '/home/ubuntu/hj/workspace/jetson-ros/build/CMakeFiles/CMakeTmp'


Detecting CXX compiler ABI info compiled with the following output:
Change Dir: /home/ubuntu/hj/workspace/jetson-ros/build/CMakeFiles/CMakeTmp

Run Build Command:"/usr/bin/make" "cmTC_f5bf6/fast"
/usr/bin/make -f CMakeFiles/cmTC_f5bf6.dir/build.make CMakeFiles/cmTC_f5bf6.dir/build
make[1]: Entering directory '/home/ubuntu/hj/workspace/jetson-ros/build/CMakeFiles/CMakeTmp'
Building CXX object CMakeFiles/cmTC_f5bf6.dir/CMakeCXXCompilerABI.cpp.o
/usr/bin/c++      -o CMakeFiles/cmTC_f5bf6.dir/CMakeCXXCompilerABI.cpp.o -c /usr/share/cmake-3.5/Modules/CMakeCXXCompilerABI.cpp
Linking CXX executable cmTC_f5bf6
/usr/bin/cmake -E cmake_link_script CMakeFiles/cmTC_f5bf6.dir/link.txt --verbose=1
/usr/bin/c++       -v CMakeFiles/cmTC_f5bf6.dir/CMakeCXXCompilerABI.cpp.o  -o cmTC_f5bf6 -rdynamic  
Using built-in specs.
COLLECT_GCC=/usr/bin/c++
COLLECT_LTO_WRAPPER=/usr/lib/gcc/aarch64-linux-gnu/5/lto-wrapper
Target: aarch64-linux-gnu
Configured with: ../src/configure -v --with-pkgversion='Ubuntu/Linaro 5.4.0-6ubuntu1~16.04.4' --with-bugurl=file:///usr/share/doc/gcc-5/README.Bugs --enable-languages=c,ada,c++,java,go,d,fortran,objc,obj-c++ --prefix=/usr --program-suffix=-5 --enable-shared --enable-linker-build-id --libexecdir=/usr/lib --without-included-gettext --enable-threads=posix --libdir=/usr/lib --enable-nls --with-sysroot=/ --enable-clocale=gnu --enable-libstdcxx-debug --enable-libstdcxx-time=yes --with-default-libstdcxx-abi=new --enable-gnu-unique-object --disable-libquadmath --enable-plugin --with-system-zlib --disable-browser-plugin --enable-java-awt=gtk --enable-gtk-cairo --with-java-home=/usr/lib/jvm/java-1.5.0-gcj-5-arm64/jre --enable-java-home --with-jvm-root-dir=/usr/lib/jvm/java-1.5.0-gcj-5-arm64 --with-jvm-jar-dir=/usr/lib/jvm-exports/java-1.5.0-gcj-5-arm64 --with-arch-directory=aarch64 --with-ecj-jar=/usr/share/java/eclipse-ecj.jar --enable-multiarch --enable-fix-cortex-a53-843419 --disable-werror --enable-checking=release --build=aarch64-linux-gnu --host=aarch64-linux-gnu --target=aarch64-linux-gnu
Thread model: posix
gcc version 5.4.0 20160609 (Ubuntu/Linaro 5.4.0-6ubuntu1~16.04.4) 
COMPILER_PATH=/usr/lib/gcc/aarch64-linux-gnu/5/:/usr/lib/gcc/aarch64-linux-gnu/5/:/usr/lib/gcc/aarch64-linux-gnu/:/usr/lib/gcc/aarch64-linux-gnu/5/:/usr/lib/gcc/aarch64-linux-gnu/
LIBRARY_PATH=/usr/lib/gcc/aarch64-linux-gnu/5/:/usr/lib/gcc/aarch64-linux-gnu/5/../../../aarch64-linux-gnu/:/usr/lib/gcc/aarch64-linux-gnu/5/../../../../lib/:/lib/aarch64-linux-gnu/:/lib/../lib/:/usr/lib/aarch64-linux-gnu/:/usr/lib/../lib/:/usr/lib/gcc/aarch64-linux-gnu/5/../../../:/lib/:/usr/lib/
COLLECT_GCC_OPTIONS='-v' '-o' 'cmTC_f5bf6' '-rdynamic' '-shared-libgcc' '-mlittle-endian' '-mabi=lp64'
 /usr/lib/gcc/aarch64-linux-gnu/5/collect2 -plugin /usr/lib/gcc/aarch64-linux-gnu/5/liblto_plugin.so -plugin-opt=/usr/lib/gcc/aarch64-linux-gnu/5/lto-wrapper -plugin-opt=-fresolution=/tmp/ccYGCFVs.res -plugin-opt=-pass-through=-lgcc_s -plugin-opt=-pass-through=-lgcc -plugin-opt=-pass-through=-lc -plugin-opt=-pass-through=-lgcc_s -plugin-opt=-pass-through=-lgcc --sysroot=/ --build-id --eh-frame-hdr --hash-style=gnu --as-needed -export-dynamic -dynamic-linker /lib/ld-linux-aarch64.so.1 -X -EL -maarch64linux --fix-cortex-a53-843419 -z relro -o cmTC_f5bf6 /usr/lib/gcc/aarch64-linux-gnu/5/../../../aarch64-linux-gnu/crt1.o /usr/lib/gcc/aarch64-linux-gnu/5/../../../aarch64-linux-gnu/crti.o /usr/lib/gcc/aarch64-linux-gnu/5/crtbegin.o -L/usr/lib/gcc/aarch64-linux-gnu/5 -L/usr/lib/gcc/aarch64-linux-gnu/5/../../../aarch64-linux-gnu -L/usr/lib/gcc/aarch64-linux-gnu/5/../../../../lib -L/lib/aarch64-linux-gnu -L/lib/../lib -L/usr/lib/aarch64-linux-gnu -L/usr/lib/../lib -L/usr/lib/gcc/aarch64-linux-gnu/5/../../.. CMakeFiles/cmTC_f5bf6.dir/CMakeCXXCompilerABI.cpp.o -lstdc++ -lm -lgcc_s -lgcc -lc -lgcc_s -lgcc /usr/lib/gcc/aarch64-linux-gnu/5/crtend.o /usr/lib/gcc/aarch64-linux-gnu/5/../../../aarch64-linux-gnu/crtn.o
make[1]: Leaving directory '/home/ubuntu/hj/workspace/jetson-ros/build/CMakeFiles/CMakeTmp'


Parsed CXX implicit link information from above output:
  link line regex: [^( *|.*[/\])(ld|([^/\]+-)?ld|collect2)[^/\]*( |$)]
  ignore line: [Change Dir: /home/ubuntu/hj/workspace/jetson-ros/build/CMakeFiles/CMakeTmp]
  ignore line: []
  ignore line: [Run Build Command:"/usr/bin/make" "cmTC_f5bf6/fast"]
  ignore line: [/usr/bin/make -f CMakeFiles/cmTC_f5bf6.dir/build.make CMakeFiles/cmTC_f5bf6.dir/build]
  ignore line: [make[1]: Entering directory '/home/ubuntu/hj/workspace/jetson-ros/build/CMakeFiles/CMakeTmp']
  ignore line: [Building CXX object CMakeFiles/cmTC_f5bf6.dir/CMakeCXXCompilerABI.cpp.o]
  ignore line: [/usr/bin/c++      -o CMakeFiles/cmTC_f5bf6.dir/CMakeCXXCompilerABI.cpp.o -c /usr/share/cmake-3.5/Modules/CMakeCXXCompilerABI.cpp]
  ignore line: [Linking CXX executable cmTC_f5bf6]
  ignore line: [/usr/bin/cmake -E cmake_link_script CMakeFiles/cmTC_f5bf6.dir/link.txt --verbose=1]
  ignore line: [/usr/bin/c++       -v CMakeFiles/cmTC_f5bf6.dir/CMakeCXXCompilerABI.cpp.o  -o cmTC_f5bf6 -rdynamic  ]
  ignore line: [Using built-in specs.]
  ignore line: [COLLECT_GCC=/usr/bin/c++]
  ignore line: [COLLECT_LTO_WRAPPER=/usr/lib/gcc/aarch64-linux-gnu/5/lto-wrapper]
  ignore line: [Target: aarch64-linux-gnu]
  ignore line: [Configured with: ../src/configure -v --with-pkgversion='Ubuntu/Linaro 5.4.0-6ubuntu1~16.04.4' --with-bugurl=file:///usr/share/doc/gcc-5/README.Bugs --enable-languages=c,ada,c++,java,go,d,fortran,objc,obj-c++ --prefix=/usr --program-suffix=-5 --enable-shared --enable-linker-build-id --libexecdir=/usr/lib --without-included-gettext --enable-threads=posix --libdir=/usr/lib --enable-nls --with-sysroot=/ --enable-clocale=gnu --enable-libstdcxx-debug --enable-libstdcxx-time=yes --with-default-libstdcxx-abi=new --enable-gnu-unique-object --disable-libquadmath --enable-plugin --with-system-zlib --disable-browser-plugin --enable-java-awt=gtk --enable-gtk-cairo --with-java-home=/usr/lib/jvm/java-1.5.0-gcj-5-arm64/jre --enable-java-home --with-jvm-root-dir=/usr/lib/jvm/java-1.5.0-gcj-5-arm64 --with-jvm-jar-dir=/usr/lib/jvm-exports/java-1.5.0-gcj-5-arm64 --with-arch-directory=aarch64 --with-ecj-jar=/usr/share/java/eclipse-ecj.jar --enable-multiarch --enable-fix-cortex-a53-843419 --disable-werror --enable-checking=release --build=aarch64-linux-gnu --host=aarch64-linux-gnu --target=aarch64-linux-gnu]
  ignore line: [Thread model: posix]
  ignore line: [gcc version 5.4.0 20160609 (Ubuntu/Linaro 5.4.0-6ubuntu1~16.04.4) ]
  ignore line: [COMPILER_PATH=/usr/lib/gcc/aarch64-linux-gnu/5/:/usr/lib/gcc/aarch64-linux-gnu/5/:/usr/lib/gcc/aarch64-linux-gnu/:/usr/lib/gcc/aarch64-linux-gnu/5/:/usr/lib/gcc/aarch64-linux-gnu/]
  ignore line: [LIBRARY_PATH=/usr/lib/gcc/aarch64-linux-gnu/5/:/usr/lib/gcc/aarch64-linux-gnu/5/../../../aarch64-linux-gnu/:/usr/lib/gcc/aarch64-linux-gnu/5/../../../../lib/:/lib/aarch64-linux-gnu/:/lib/../lib/:/usr/lib/aarch64-linux-gnu/:/usr/lib/../lib/:/usr/lib/gcc/aarch64-linux-gnu/5/../../../:/lib/:/usr/lib/]
  ignore line: [COLLECT_GCC_OPTIONS='-v' '-o' 'cmTC_f5bf6' '-rdynamic' '-shared-libgcc' '-mlittle-endian' '-mabi=lp64']
  link line: [ /usr/lib/gcc/aarch64-linux-gnu/5/collect2 -plugin /usr/lib/gcc/aarch64-linux-gnu/5/liblto_plugin.so -plugin-opt=/usr/lib/gcc/aarch64-linux-gnu/5/lto-wrapper -plugin-opt=-fresolution=/tmp/ccYGCFVs.res -plugin-opt=-pass-through=-lgcc_s -plugin-opt=-pass-through=-lgcc -plugin-opt=-pass-through=-lc -plugin-opt=-pass-through=-lgcc_s -plugin-opt=-pass-through=-lgcc --sysroot=/ --build-id --eh-frame-hdr --hash-style=gnu --as-needed -export-dynamic -dynamic-linker /lib/ld-linux-aarch64.so.1 -X -EL -maarch64linux --fix-cortex-a53-843419 -z relro -o cmTC_f5bf6 /usr/lib/gcc/aarch64-linux-gnu/5/../../../aarch64-linux-gnu/crt1.o /usr/lib/gcc/aarch64-linux-gnu/5/../../../aarch64-linux-gnu/crti.o /usr/lib/gcc/aarch64-linux-gnu/5/crtbegin.o -L/usr/lib/gcc/aarch64-linux-gnu/5 -L/usr/lib/gcc/aarch64-linux-gnu/5/../../../aarch64-linux-gnu -L/usr/lib/gcc/aarch64-linux-gnu/5/../../../../lib -L/lib/aarch64-linux-gnu -L/lib/../lib -L/usr/lib/aarch64-linux-gnu -L/usr/lib/../lib -L/usr/lib/gcc/aarch64-linux-gnu/5/../../.. CMakeFiles/cmTC_f5bf6.dir/CMakeCXXCompilerABI.cpp.o -lstdc++ -lm -lgcc_s -lgcc -lc -lgcc_s -lgcc /usr/lib/gcc/aarch64-linux-gnu/5/crtend.o /usr/lib/gcc/aarch64-linux-gnu/5/../../../aarch64-linux-gnu/crtn.o]
    arg [/usr/lib/gcc/aarch64-linux-gnu/5/collect2] ==> ignore
    arg [-plugin] ==> ignore
    arg [/usr/lib/gcc/aarch64-linux-gnu/5/liblto_plugin.so] ==> ignore
    arg [-plugin-opt=/usr/lib/gcc/aarch64-linux-gnu/5/lto-wrapper] ==> ignore
    arg [-plugin-opt=-fresolution=/tmp/ccYGCFVs.res] ==> ignore
    arg [-plugin-opt=-pass-through=-lgcc_s] ==> ignore
    arg [-plugin-opt=-pass-through=-lgcc] ==> ignore
    arg [-plugin-opt=-pass-through=-lc] ==> ignore
    arg [-plugin-opt=-pass-through=-lgcc_s] ==> ignore
    arg [-plugin-opt=-pass-through=-lgcc] ==> ignore
    arg [--sysroot=/] ==> ignore
    arg [--build-id] ==> ignore
    arg [--eh-frame-hdr] ==> ignore
    arg [--hash-style=gnu] ==> ignore
    arg [--as-needed] ==> ignore
    arg [-export-dynamic] ==> ignore
    arg [-dynamic-linker] ==> ignore
    arg [/lib/ld-linux-aarch64.so.1] ==> ignore
    arg [-X] ==> ignore
    arg [-EL] ==> ignore
    arg [-maarch64linux] ==> ignore
    arg [--fix-cortex-a53-843419] ==> ignore
    arg [-zrelro] ==> ignore
    arg [-o] ==> ignore
    arg [cmTC_f5bf6] ==> ignore
    arg [/usr/lib/gcc/aarch64-linux-gnu/5/../../../aarch64-linux-gnu/crt1.o] ==> ignore
    arg [/usr/lib/gcc/aarch64-linux-gnu/5/../../../aarch64-linux-gnu/crti.o] ==> ignore
    arg [/usr/lib/gcc/aarch64-linux-gnu/5/crtbegin.o] ==> ignore
    arg [-L/usr/lib/gcc/aarch64-linux-gnu/5] ==> dir [/usr/lib/gcc/aarch64-linux-gnu/5]
    arg [-L/usr/lib/gcc/aarch64-linux-gnu/5/../../../aarch64-linux-gnu] ==> dir [/usr/lib/gcc/aarch64-linux-gnu/5/../../../aarch64-linux-gnu]
    arg [-L/usr/lib/gcc/aarch64-linux-gnu/5/../../../../lib] ==> dir [/usr/lib/gcc/aarch64-linux-gnu/5/../../../../lib]
    arg [-L/lib/aarch64-linux-gnu] ==> dir [/lib/aarch64-linux-gnu]
    arg [-L/lib/../lib] ==> dir [/lib/../lib]
    arg [-L/usr/lib/aarch64-linux-gnu] ==> dir [/usr/lib/aarch64-linux-gnu]
    arg [-L/usr/lib/../lib] ==> dir [/usr/lib/../lib]
    arg [-L/usr/lib/gcc/aarch64-linux-gnu/5/../../..] ==> dir [/usr/lib/gcc/aarch64-linux-gnu/5/../../..]
    arg [CMakeFiles/cmTC_f5bf6.dir/CMakeCXXCompilerABI.cpp.o] ==> ignore
    arg [-lstdc++] ==> lib [stdc++]
    arg [-lm] ==> lib [m]
    arg [-lgcc_s] ==> lib [gcc_s]
    arg [-lgcc] ==> lib [gcc]
    arg [-lc] ==> lib [c]
    arg [-lgcc_s] ==> lib [gcc_s]
    arg [-lgcc] ==> lib [gcc]
    arg [/usr/lib/gcc/aarch64-linux-gnu/5/crtend.o] ==> ignore
    arg [/usr/lib/gcc/aarch64-linux-gnu/5/../../../aarch64-linux-gnu/crtn.o] ==> ignore
  remove lib [gcc_s]
  remove lib [gcc]
  remove lib [gcc_s]
  remove lib [gcc]
  collapse library dir [/usr/lib/gcc/aarch64-linux-gnu/5] ==> [/usr/lib/gcc/aarch64-linux-gnu/5]
  collapse library dir [/usr/lib/gcc/aarch64-linux-gnu/5/../../../aarch64-linux-gnu] ==> [/usr/lib/aarch64-linux-gnu]
  collapse library dir [/usr/lib/gcc/aarch64-linux-gnu/5/../../../../lib] ==> [/usr/lib]
  collapse library dir [/lib/aarch64-linux-gnu] ==> [/lib/aarch64-linux-gnu]
  collapse library dir [/lib/../lib] ==> [/lib]
  collapse library dir [/usr/lib/aarch64-linux-gnu] ==> [/usr/lib/aarch64-linux-gnu]
  collapse library dir [/usr/lib/../lib] ==> [/usr/lib]
  collapse library dir [/usr/lib/gcc/aarch64-linux-gnu/5/../../..] ==> [/usr/lib]
  implicit libs: [stdc++;m;c]
  implicit dirs: [/usr/lib/gcc/aarch64-linux-gnu/5;/usr/lib/aarch64-linux-gnu;/usr/lib;/lib/aarch64-linux-gnu;/lib]
  implicit fwks: []




Detecting CXX [-std=c++14] compiler features compiled with the following output:
Change Dir: /home/ubuntu/hj/workspace/jetson-ros/build/CMakeFiles/CMakeTmp

Run Build Command:"/usr/bin/make" "cmTC_c7fc7/fast"
/usr/bin/make -f CMakeFiles/cmTC_c7fc7.dir/build.make CMakeFiles/cmTC_c7fc7.dir/build
make[1]: Entering directory '/home/ubuntu/hj/workspace/jetson-ros/build/CMakeFiles/CMakeTmp'
Building CXX object CMakeFiles/cmTC_c7fc7.dir/feature_tests.cxx.o
/usr/bin/c++     -std=c++14 -o CMakeFiles/cmTC_c7fc7.dir/feature_tests.cxx.o -c /home/ubuntu/hj/workspace/jetson-ros/build/CMakeFiles/feature_tests.cxx
Linking CXX executable cmTC_c7fc7
/usr/bin/cmake -E cmake_link_script CMakeFiles/cmTC_c7fc7.dir/link.txt --verbose=1
/usr/bin/c++        CMakeFiles/cmTC_c7fc7.dir/feature_tests.cxx.o  -o cmTC_c7fc7 -rdynamic 
make[1]: Leaving directory '/home/ubuntu/hj/workspace/jetson-ros/build/CMakeFiles/CMakeTmp'


    Feature record: CXX_FEATURE:1cxx_aggregate_default_initializers
    Feature record: CXX_FEATURE:1cxx_alias_templates
    Feature record: CXX_FEATURE:1cxx_alignas
    Feature record: CXX_FEATURE:1cxx_alignof
    Feature record: CXX_FEATURE:1cxx_attributes
    Feature record: CXX_FEATURE:1cxx_attribute_deprecated
    Feature record: CXX_FEATURE:1cxx_auto_type
    Feature record: CXX_FEATURE:1cxx_binary_literals
    Feature record: CXX_FEATURE:1cxx_constexpr
    Feature record: CXX_FEATURE:1cxx_contextual_conversions
    Feature record: CXX_FEATURE:1cxx_decltype
    Feature record: CXX_FEATURE:1cxx_decltype_auto
    Feature record: CXX_FEATURE:1cxx_decltype_incomplete_return_types
    Feature record: CXX_FEATURE:1cxx_default_function_template_args
    Feature record: CXX_FEATURE:1cxx_defaulted_functions
    Feature record: CXX_FEATURE:1cxx_defaulted_move_initializers
    Feature record: CXX_FEATURE:1cxx_delegating_constructors
    Feature record: CXX_FEATURE:1cxx_deleted_functions
    Feature record: CXX_FEATURE:1cxx_digit_separators
    Feature record: CXX_FEATURE:1cxx_enum_forward_declarations
    Feature record: CXX_FEATURE:1cxx_explicit_conversions
    Feature record: CXX_FEATURE:1cxx_extended_friend_declarations
    Feature record: CXX_FEATURE:1cxx_extern_templates
    Feature record: CXX_FEATURE:1cxx_final
    Feature record: CXX_FEATURE:1cxx_func_identifier
    Feature record: CXX_FEATURE:1cxx_generalized_initializers
    Feature record: CXX_FEATURE:1cxx_generic_lambdas
    Feature record: CXX_FEATURE:1cxx_inheriting_constructors
    Feature record: CXX_FEATURE:1cxx_inline_namespaces
    Feature record: CXX_FEATURE:1cxx_lambdas
    Feature record: CXX_FEATURE:1cxx_lambda_init_captures
    Feature record: CXX_FEATURE:1cxx_local_type_template_args
    Feature record: CXX_FEATURE:1cxx_long_long_type
    Feature record: CXX_FEATURE:1cxx_noexcept
    Feature record: CXX_FEATURE:1cxx_nonstatic_member_init
    Feature record: CXX_FEATURE:1cxx_nullptr
    Feature record: CXX_FEATURE:1cxx_override
    Feature record: CXX_FEATURE:1cxx_range_for
    Feature record: CXX_FEATURE:1cxx_raw_string_literals
    Feature record: CXX_FEATURE:1cxx_reference_qualified_functions
    Feature record: CXX_FEATURE:1cxx_relaxed_constexpr
    Feature record: CXX_FEATURE:1cxx_return_type_deduction
    Feature record: CXX_FEATURE:1cxx_right_angle_brackets
    Feature record: CXX_FEATURE:1cxx_rvalue_references
    Feature record: CXX_FEATURE:1cxx_sizeof_member
    Feature record: CXX_FEATURE:1cxx_static_assert
    Feature record: CXX_FEATURE:1cxx_strong_enums
    Feature record: CXX_FEATURE:1cxx_template_template_parameters
    Feature record: CXX_FEATURE:1cxx_thread_local
    Feature record: CXX_FEATURE:1cxx_trailing_return_types
    Feature record: CXX_FEATURE:1cxx_unicode_literals
    Feature record: CXX_FEATURE:1cxx_uniform_initialization
    Feature record: CXX_FEATURE:1cxx_unrestricted_unions
    Feature record: CXX_FEATURE:1cxx_user_literals
    Feature record: CXX_FEATURE:1cxx_variable_templates
    Feature record: CXX_FEATURE:1cxx_variadic_macros
    Feature record: CXX_FEATURE:1cxx_variadic_templates


Detecting CXX [-std=c++11] compiler features compiled with the following output:
Change Dir: /home/ubuntu/hj/workspace/jetson-ros/build/CMakeFiles/CMakeTmp

Run Build Command:"/usr/bin/make" "cmTC_32217/fast"
/usr/bin/make -f CMakeFiles/cmTC_32217.dir/build.make CMakeFiles/cmTC_32217.dir/build
make[1]: Entering directory '/home/ubuntu/hj/workspace/jetson-ros/build/CMakeFiles/CMakeTmp'
Building CXX object CMakeFiles/cmTC_32217.dir/feature_tests.cxx.o
/usr/bin/c++     -std=c++11 -o CMakeFiles/cmTC_32217.dir/feature_tests.cxx.o -c /home/ubuntu/hj/workspace/jetson-ros/build/CMakeFiles/feature_tests.cxx
Linking CXX executable cmTC_32217
/usr/bin/cmake -E cmake_link_script CMakeFiles/cmTC_32217.dir/link.txt --verbose=1
/usr/bin/c++        CMakeFiles/cmTC_32217.dir/feature_tests.cxx.o  -o cmTC_32217 -rdynamic 
make[1]: Leaving directory '/home/ubuntu/hj/workspace/jetson-ros/build/CMakeFiles/CMakeTmp'


    Feature record: CXX_FEATURE:0cxx_aggregate_default_initializers
    Feature record: CXX_FEATURE:1cxx_alias_templates
    Feature record: CXX_FEATURE:1cxx_alignas
    Feature record: CXX_FEATURE:1cxx_alignof
    Feature record: CXX_FEATURE:1cxx_attributes
    Feature record: CXX_FEATURE:0cxx_attribute_deprecated
    Feature record: CXX_FEATURE:1cxx_auto_type
    Feature record: CXX_FEATURE:0cxx_binary_literals
    Feature record: CXX_FEATURE:1cxx_constexpr
    Feature record: CXX_FEATURE:0cxx_contextual_conversions
    Feature record: CXX_FEATURE:1cxx_decltype
    Feature record: CXX_FEATURE:0cxx_decltype_auto
    Feature record: CXX_FEATURE:1cxx_decltype_incomplete_return_types
    Feature record: CXX_FEATURE:1cxx_default_function_template_args
    Feature record: CXX_FEATURE:1cxx_defaulted_functions
    Feature record: CXX_FEATURE:1cxx_defaulted_move_initializers
    Feature record: CXX_FEATURE:1cxx_delegating_constructors
    Feature record: CXX_FEATURE:1cxx_deleted_functions
    Feature record: CXX_FEATURE:0cxx_digit_separators
    Feature record: CXX_FEATURE:1cxx_enum_forward_declarations
    Feature record: CXX_FEATURE:1cxx_explicit_conversions
    Feature record: CXX_FEATURE:1cxx_extended_friend_declarations
    Feature record: CXX_FEATURE:1cxx_extern_templates
    Feature record: CXX_FEATURE:1cxx_final
    Feature record: CXX_FEATURE:1cxx_func_identifier
    Feature record: CXX_FEATURE:1cxx_generalized_initializers
    Feature record: CXX_FEATURE:0cxx_generic_lambdas
    Feature record: CXX_FEATURE:1cxx_inheriting_constructors
    Feature record: CXX_FEATURE:1cxx_inline_namespaces
    Feature record: CXX_FEATURE:1cxx_lambdas
    Feature record: CXX_FEATURE:0cxx_lambda_init_captures
    Feature record: CXX_FEATURE:1cxx_local_type_template_args
    Feature record: CXX_FEATURE:1cxx_long_long_type
    Feature record: CXX_FEATURE:1cxx_noexcept
    Feature record: CXX_FEATURE:1cxx_nonstatic_member_init
    Feature record: CXX_FEATURE:1cxx_nullptr
    Feature record: CXX_FEATURE:1cxx_override
    Feature record: CXX_FEATURE:1cxx_range_for
    Feature record: CXX_FEATURE:1cxx_raw_string_literals
    Feature record: CXX_FEATURE:1cxx_reference_qualified_functions
    Feature record: CXX_FEATURE:0cxx_relaxed_constexpr
    Feature record: CXX_FEATURE:0cxx_return_type_deduction
    Feature record: CXX_FEATURE:1cxx_right_angle_brackets
    Feature record: CXX_FEATURE:1cxx_rvalue_references
    Feature record: CXX_FEATURE:1cxx_sizeof_member
    Feature record: CXX_FEATURE:1cxx_static_assert
    Feature record: CXX_FEATURE:1cxx_strong_enums
    Feature record: CXX_FEATURE:1cxx_template_template_parameters
    Feature record: CXX_FEATURE:1cxx_thread_local
    Feature record: CXX_FEATURE:1cxx_trailing_return_types
    Feature record: CXX_FEATURE:1cxx_unicode_literals
    Feature record: CXX_FEATURE:1cxx_uniform_initialization
    Feature record: CXX_FEATURE:1cxx_unrestricted_unions
    Feature record: CXX_FEATURE:1cxx_user_literals
    Feature record: CXX_FEATURE:0cxx_variable_templates
    Feature record: CXX_FEATURE:1cxx_variadic_macros
    Feature record: CXX_FEATURE:1cxx_variadic_templates


Detecting CXX [-std=c++98] compiler features compiled with the following output:
Change Dir: /home/ubuntu/hj/workspace/jetson-ros/build/CMakeFiles/CMakeTmp

Run Build Command:"/usr/bin/make" "cmTC_83986/fast"
/usr/bin/make -f CMakeFiles/cmTC_83986.dir/build.make CMakeFiles/cmTC_83986.dir/build
make[1]: Entering directory '/home/ubuntu/hj/workspace/jetson-ros/build/CMakeFiles/CMakeTmp'
Building CXX object CMakeFiles/cmTC_83986.dir/feature_tests.cxx.o
/usr/bin/c++     -std=c++98 -o CMakeFiles/cmTC_83986.dir/feature_tests.cxx.o -c /home/ubuntu/hj/workspace/jetson-ros/build/CMakeFiles/feature_tests.cxx
Linking CXX executable cmTC_83986
/usr/bin/cmake -E cmake_link_script CMakeFiles/cmTC_83986.dir/link.txt --verbose=1
/usr/bin/c++        CMakeFiles/cmTC_83986.dir/feature_tests.cxx.o  -o cmTC_83986 -rdynamic 
make[1]: Leaving directory '/home/ubuntu/hj/workspace/jetson-ros/build/CMakeFiles/CMakeTmp'


    Feature record: CXX_FEATURE:0cxx_aggregate_default_initializers
    Feature record: CXX_FEATURE:0cxx_alias_templates
    Feature record: CXX_FEATURE:0cxx_alignas
    Feature record: CXX_FEATURE:0cxx_alignof
    Feature record: CXX_FEATURE:0cxx_attributes
    Feature record: CXX_FEATURE:0cxx_attribute_deprecated
    Feature record: CXX_FEATURE:0cxx_auto_type
    Feature record: CXX_FEATURE:0cxx_binary_literals
    Feature record: CXX_FEATURE:0cxx_constexpr
    Feature record: CXX_FEATURE:0cxx_contextual_conversions
    Feature record: CXX_FEATURE:0cxx_decltype
    Feature record: CXX_FEATURE:0cxx_decltype_auto
    Feature record: CXX_FEATURE:0cxx_decltype_incomplete_return_types
    Feature record: CXX_FEATURE:0cxx_default_function_template_args
    Feature record: CXX_FEATURE:0cxx_defaulted_functions
    Feature record: CXX_FEATURE:0cxx_defaulted_move_initializers
    Feature record: CXX_FEATURE:0cxx_delegating_constructors
    Feature record: CXX_FEATURE:0cxx_deleted_functions
    Feature record: CXX_FEATURE:0cxx_digit_separators
    Feature record: CXX_FEATURE:0cxx_enum_forward_declarations
    Feature record: CXX_FEATURE:0cxx_explicit_conversions
    Feature record: CXX_FEATURE:0cxx_extended_friend_declarations
    Feature record: CXX_FEATURE:0cxx_extern_templates
    Feature record: CXX_FEATURE:0cxx_final
    Feature record: CXX_FEATURE:0cxx_func_identifier
    Feature record: CXX_FEATURE:0cxx_generalized_initializers
    Feature record: CXX_FEATURE:0cxx_generic_lambdas
    Feature record: CXX_FEATURE:0cxx_inheriting_constructors
    Feature record: CXX_FEATURE:0cxx_inline_namespaces
    Feature record: CXX_FEATURE:0cxx_lambdas
    Feature record: CXX_FEATURE:0cxx_lambda_init_captures
    Feature record: CXX_FEATURE:0cxx_local_type_template_args
    Feature record: CXX_FEATURE:0cxx_long_long_type
    Feature record: CXX_FEATURE:0cxx_noexcept
    Feature record: CXX_FEATURE:0cxx_nonstatic_member_init
    Feature record: CXX_FEATURE:0cxx_nullptr
    Feature record: CXX_FEATURE:0cxx_override
    Feature record: CXX_FEATURE:0cxx_range_for
    Feature record: CXX_FEATURE:0cxx_raw_string_literals
    Feature record: CXX_FEATURE:0cxx_reference_qualified_functions
    Feature record: CXX_FEATURE:0cxx_relaxed_constexpr
    Feature record: CXX_FEATURE:0cxx_return_type_deduction
    Feature record: CXX_FEATURE:0cxx_right_angle_brackets
    Feature record: CXX_FEATURE:0cxx_rvalue_references
    Feature record: CXX_FEATURE:0cxx_sizeof_member
    Feature record: CXX_FEATURE:0cxx_static_assert
    Feature record: CXX_FEATURE:0cxx_strong_enums
    Feature record: CXX_FEATURE:1cxx_template_template_parameters
    Feature record: CXX_FEATURE:0cxx_thread_local
    Feature record: CXX_FEATURE:0cxx_trailing_return_types
    Feature record: CXX_FEATURE:0cxx_unicode_literals
    Feature record: CXX_FEATURE:0cxx_uniform_initialization
    Feature record: CXX_FEATURE:0cxx_unrestricted_unions
    Feature record: CXX_FEATURE:0cxx_user_literals
    Feature record: CXX_FEATURE:0cxx_variable_templates
    Feature record: CXX_FEATURE:0cxx_variadic_macros
    Feature record: CXX_FEATURE:0cxx_variadic_templates
Determining if the include file pthread.h exists passed with the following output:
Change Dir: /home/ubuntu/hj/workspace/jetson-ros/build/CMakeFiles/CMakeTmp

Run Build Command:"/usr/bin/make" "cmTC_0ce58/fast"
/usr/bin/make -f CMakeFiles/cmTC_0ce58.dir/build.make CMakeFiles/cmTC_0ce58.dir/build
make[1]: Entering directory '/home/ubuntu/hj/workspace/jetson-ros/build/CMakeFiles/CMakeTmp'
Building C object CMakeFiles/cmTC_0ce58.dir/CheckIncludeFile.c.o
/usr/bin/cc     -o CMakeFiles/cmTC_0ce58.dir/CheckIncludeFile.c.o   -c /home/ubuntu/hj/workspace/jetson-ros/build/CMakeFiles/CMakeTmp/CheckIncludeFile.c
Linking C executable cmTC_0ce58
/usr/bin/cmake -E cmake_link_script CMakeFiles/cmTC_0ce58.dir/link.txt --verbose=1
/usr/bin/cc       CMakeFiles/cmTC_0ce58.dir/CheckIncludeFile.c.o  -o cmTC_0ce58 -rdynamic 
make[1]: Leaving directory '/home/ubuntu/hj/workspace/jetson-ros/build/CMakeFiles/CMakeTmp'


Determining if the function pthread_create exists in the pthread passed with the following output:
Change Dir: /home/ubuntu/hj/workspace/jetson-ros/build/CMakeFiles/CMakeTmp

Run Build Command:"/usr/bin/make" "cmTC_1a177/fast"
/usr/bin/make -f CMakeFiles/cmTC_1a177.dir/build.make CMakeFiles/cmTC_1a177.dir/build
make[1]: Entering directory '/home/ubuntu/hj/workspace/jetson-ros/build/CMakeFiles/CMakeTmp'
Building C object CMakeFiles/cmTC_1a177.dir/CheckFunctionExists.c.o
/usr/bin/cc    -DCHECK_FUNCTION_EXISTS=pthread_create   -o CMakeFiles/cmTC_1a177.dir/CheckFunctionExists.c.o   -c /usr/share/cmake-3.5/Modules/CheckFunctionExists.c
Linking C executable cmTC_1a177
/usr/bin/cmake -E cmake_link_script CMakeFiles/cmTC_1a177.dir/link.txt --verbose=1
/usr/bin/cc   -DCHECK_FUNCTION_EXISTS=pthread_create    CMakeFiles/cmTC_1a177.dir/CheckFunctionExists.c.o  -o cmTC_1a177 -rdynamic -lpthread 
make[1]: Leaving directory '/home/ubuntu/hj/workspace/jetson-ros/build/CMakeFiles/CMakeTmp'


Determining if the Q_WS_X11 exist passed with the following output:
Change Dir: /home/ubuntu/hj/workspace/jetson-ros/build/CMakeFiles/CMakeTmp

Run Build Command:"/usr/bin/make" "cmTC_17191/fast"
/usr/bin/make -f CMakeFiles/cmTC_17191.dir/build.make CMakeFiles/cmTC_17191.dir/build
make[1]: Entering directory '/home/ubuntu/hj/workspace/jetson-ros/build/CMakeFiles/CMakeTmp'
Building CXX object CMakeFiles/cmTC_17191.dir/CheckSymbolExists.cxx.o
/usr/bin/c++    -I/usr/include/qt4  -std=c++11    -o CMakeFiles/cmTC_17191.dir/CheckSymbolExists.cxx.o -c /home/ubuntu/hj/workspace/jetson-ros/build/CMakeFiles/CMakeTmp/CheckSymbolExists.cxx
Linking CXX executable cmTC_17191
/usr/bin/cmake -E cmake_link_script CMakeFiles/cmTC_17191.dir/link.txt --verbose=1
/usr/bin/c++    -std=c++11     CMakeFiles/cmTC_17191.dir/CheckSymbolExists.cxx.o  -o cmTC_17191 -rdynamic 
make[1]: Leaving directory '/home/ubuntu/hj/workspace/jetson-ros/build/CMakeFiles/CMakeTmp'

File /home/ubuntu/hj/workspace/jetson-ros/build/CMakeFiles/CMakeTmp/CheckSymbolExists.cxx:
/* */
#include <QtCore/qglobal.h>

int main(int argc, char** argv)
{
  (void)argv;
#ifndef Q_WS_X11
  return ((int*)(&Q_WS_X11))[argc];
#else
  (void)argc;
  return 0;
#endif
}

